<?xml version="1.0" encoding="UTF-8"?>
<!-- Generated by org.testng.reporters.JUnitReportReporter -->
<testsuite skipped="4" hostname="CV0111020435" name="completeSanityWebAndroid.CompleteWebAndAndroidSanity" tests="5" failures="0" timestamp="05 Sep 2018 08:38:22 GMT" time="37.572" errors="1">
  <testcase name="TC1" time="0.000" classname="completeSanityWebAndroid.CompleteWebAndAndroidSanity">
    <skipped/>
  </testcase> <!-- TC1 -->
  <testcase name="OneTimeConfig" time="37.572" classname="completeSanityWebAndroid.CompleteWebAndAndroidSanity">
    <error type="java.lang.NoClassDefFoundError" message="org/slf4j/Logger">
      <![CDATA[java.lang.NoClassDefFoundError: org/slf4j/Logger
at org.apache.logging.slf4j.SLF4JLoggerContext.getLogger(SLF4JLoggerContext.java:39)
at org.apache.logging.log4j.jcl.LogAdapter.newLogger(LogAdapter.java:34)
at org.apache.logging.log4j.jcl.LogAdapter.newLogger(LogAdapter.java:30)
at org.apache.logging.log4j.spi.AbstractLoggerAdapter.getLogger(AbstractLoggerAdapter.java:52)
at org.apache.logging.log4j.jcl.LogFactoryImpl.getInstance(LogFactoryImpl.java:40)
at org.apache.logging.log4j.jcl.LogFactoryImpl.getInstance(LogFactoryImpl.java:55)
at org.apache.commons.logging.LogFactory.getLog(LogFactory.java:655)
at org.apache.http.conn.ssl.AbstractVerifier.<init>(AbstractVerifier.java:61)
at org.apache.http.conn.ssl.AllowAllHostnameVerifier.<init>(AllowAllHostnameVerifier.java:44)
at org.apache.http.conn.ssl.AllowAllHostnameVerifier.<clinit>(AllowAllHostnameVerifier.java:46)
at org.apache.http.conn.ssl.SSLConnectionSocketFactory.<clinit>(SSLConnectionSocketFactory.java:146)
at org.openqa.selenium.remote.internal.HttpClientFactory.getClientConnectionManager(HttpClientFactory.java:72)
at org.openqa.selenium.remote.internal.HttpClientFactory.<init>(HttpClientFactory.java:58)
at org.openqa.selenium.remote.internal.HttpClientFactory.<init>(HttpClientFactory.java:61)
at org.openqa.selenium.remote.internal.ApacheHttpClient$Factory.getDefaultHttpClientFactory(ApacheHttpClient.java:253)
at org.openqa.selenium.remote.internal.ApacheHttpClient$Factory.<init>(ApacheHttpClient.java:224)
at io.appium.java_client.remote.AppiumCommandExecutor.<init>(AppiumCommandExecutor.java:69)
at io.appium.java_client.AppiumDriver.<init>(AppiumDriver.java:92)
at io.appium.java_client.android.AndroidDriver.<init>(AndroidDriver.java:72)
at completeSanityWebAndroid.QuickMonitoringbase.initializeAndroidDriverNetsfere(QuickMonitoringbase.java:127)
at completeSanityWebAndroid.CompleteWebAndAndroidSanity.OneTimeConfig(CompleteWebAndAndroidSanity.java:53)
at sun.reflect.NativeMethodAccessorImpl.invoke0(Native Method)
at sun.reflect.NativeMethodAccessorImpl.invoke(Unknown Source)
at sun.reflect.DelegatingMethodAccessorImpl.invoke(Unknown Source)
at java.lang.reflect.Method.invoke(Unknown Source)
at org.testng.internal.MethodInvocationHelper.invokeMethod(MethodInvocationHelper.java:124)
at org.testng.internal.MethodInvocationHelper.invokeMethodConsideringTimeout(MethodInvocationHelper.java:59)
at org.testng.internal.Invoker.invokeConfigurationMethod(Invoker.java:455)
at org.testng.internal.Invoker.invokeConfigurations(Invoker.java:222)
at org.testng.internal.Invoker.invokeConfigurations(Invoker.java:142)
at org.testng.internal.TestMethodWorker.invokeBeforeClassMethods(TestMethodWorker.java:168)
at org.testng.internal.TestMethodWorker.run(TestMethodWorker.java:105)
at org.testng.TestRunner.privateRun(TestRunner.java:648)
at org.testng.TestRunner.run(TestRunner.java:505)
at org.testng.SuiteRunner.runTest(SuiteRunner.java:455)
at org.testng.SuiteRunner.runSequentially(SuiteRunner.java:450)
at org.testng.SuiteRunner.privateRun(SuiteRunner.java:415)
at org.testng.SuiteRunner.run(SuiteRunner.java:364)
at org.testng.SuiteRunnerWorker.runSuite(SuiteRunnerWorker.java:52)
at org.testng.SuiteRunnerWorker.run(SuiteRunnerWorker.java:84)
at org.testng.TestNG.runSuitesSequentially(TestNG.java:1208)
at org.testng.TestNG.runSuitesLocally(TestNG.java:1137)
at org.testng.TestNG.runSuites(TestNG.java:1049)
at org.testng.TestNG.run(TestNG.java:1017)
at org.testng.remote.AbstractRemoteTestNG.run(AbstractRemoteTestNG.java:114)
at org.testng.remote.RemoteTestNG.initAndRun(RemoteTestNG.java:251)
at org.testng.remote.RemoteTestNG.main(RemoteTestNG.java:77)
Caused by: java.lang.ClassNotFoundException: org.slf4j.Logger
at java.net.URLClassLoader.findClass(Unknown Source)
at java.lang.ClassLoader.loadClass(Unknown Source)
at sun.misc.Launcher$AppClassLoader.loadClass(Unknown Source)
at java.lang.ClassLoader.loadClass(Unknown Source)
... 47 more
]]>
    </error>
  </testcase> <!-- OneTimeConfig -->
  <testcase name="Channel" time="0.000" classname="completeSanityWebAndroid.CompleteWebAndAndroidSanity">
    <skipped/>
  </testcase> <!-- Channel -->
  <testcase name="TC11" time="0.000" classname="completeSanityWebAndroid.CompleteWebAndAndroidSanity">
    <skipped/>
  </testcase> <!-- TC11 -->
  <testcase name="LiveScenarios" time="0.000" classname="completeSanityWebAndroid.CompleteWebAndAndroidSanity">
    <skipped/>
  </testcase> <!-- LiveScenarios -->
</testsuite> <!-- completeSanityWebAndroid.CompleteWebAndAndroidSanity -->
